\BOOKMARK [0][]{chapter*.1}{\376\377\000T\000a\000b\000l\000e\000\040\000o\000f\000\040\000C\000o\000n\000t\000e\000n\000t\000s}{}% 1
\BOOKMARK [0][]{chapter*.1}{\376\377\000L\000i\000s\000t\000\040\000o\000f\000\040\000T\000a\000b\000l\000e\000s}{}% 2
\BOOKMARK [0][]{chapter*.2}{\376\377\000L\000i\000s\000t\000\040\000o\000f\000\040\000F\000i\000g\000u\000r\000e\000s}{}% 3
\BOOKMARK [0][]{chapter*.4}{\376\377\000L\000i\000s\000t\000\040\000o\000f\000\040\000A\000b\000b\000r\000e\000v\000i\000a\000t\000i\000o\000n\000s}{}% 4
\BOOKMARK [0][]{chapter*.5}{\376\377\000A\000b\000s\000t\000r\000a\000c\000t}{}% 5
\BOOKMARK [0][]{chapter*.6}{\376\377\000A\000c\000k\000n\000o\000w\000l\000e\000d\000g\000e\000m\000e\000n\000t\000s}{}% 6
\BOOKMARK [0][]{chapter*.7}{\376\377\000I\000n\000t\000r\000o\000d\000u\000c\000t\000i\000o\000n}{}% 7
\BOOKMARK [0][]{chapter.1}{\376\377\000S\000U\000P\000E\000R\000S\000Y\000M\000M\000E\000T\000R\000Y\000\040\000A\000N\000D\000\040\000T\000H\000E\000\040\000M\000I\000N\000I\000M\000A\000L\000\040\000S\000U\000P\000E\000R\000S\000Y\000M\000M\000E\000T\000R\000I\000C\000\040\000S\000T\000A\000N\000D\000A\000R\000D\000\040\000M\000O\000D\000E\000L}{}% 8
\BOOKMARK [1][]{section.1.1}{\376\377\000S\000U\000P\000E\000R\000S\000Y\000M\000M\000E\000T\000R\000Y}{chapter.1}% 9
\BOOKMARK [2][]{subsection.1.1.1}{\376\377\000I\000n\000t\000r\000o\000d\000u\000c\000t\000i\000o\000n\000\040\000a\000n\000d\000\040\000M\000o\000t\000i\000v\000a\000t\000i\000o\000n\000s}{section.1.1}% 10
\BOOKMARK [2][]{subsection.1.1.2}{\376\377\000S\000p\000i\000n\000o\000r\000s}{section.1.1}% 11
\BOOKMARK [2][]{subsection.1.1.3}{\376\377\000A\000l\000g\000e\000b\000r\000a\000\040\000a\000n\000d\000\040\000S\000u\000p\000e\000r\000m\000u\000l\000t\000i\000p\000l\000e\000t\000s}{section.1.1}% 12
\BOOKMARK [2][]{subsection.1.1.4}{\376\377\000S\000u\000p\000e\000r\000f\000i\000e\000l\000d\000s\000\040\000a\000n\000d\000\040\000S\000u\000p\000e\000r\000p\000o\000t\000e\000n\000t\000i\000a\000l}{section.1.1}% 13
\BOOKMARK [1][]{section.1.2}{\376\377\000T\000h\000e\000\040\000M\000i\000n\000i\000m\000a\000l\000\040\000S\000u\000p\000e\000r\000s\000y\000m\000m\000e\000t\000r\000i\000c\000\040\000S\000t\000a\000n\000d\000a\000r\000d\000\040\000M\000o\000d\000e\000l}{chapter.1}% 14
\BOOKMARK [2][]{subsection.1.2.1}{\376\377\000M\000S\000S\000M\000\040\000L\000a\000g\000r\000a\000n\000g\000i\000a\000n}{section.1.2}% 15
\BOOKMARK [2][]{subsection.1.2.2}{\376\377\000M\000S\000S\000M\000\040\000S\000p\000e\000c\000t\000r\000u\000m}{section.1.2}% 16
\BOOKMARK [2][]{subsection.1.2.3}{\376\377\000R\000a\000d\000i\000a\000t\000i\000v\000e\000\040\000E\000l\000e\000c\000t\000r\000o\000w\000e\000a\000k\000\040\000S\000y\000m\000m\000e\000t\000r\000y\000\040\000B\000r\000e\000a\000k\000i\000n\000g}{section.1.2}% 17
\BOOKMARK [0][]{chapter.2}{\376\377\000S\000U\000P\000E\000R\000S\000Y\000M\000M\000E\000T\000R\000I\000C\000\040\000B\000-\000L\000\040\000E\000X\000T\000E\000N\000S\000I\000O\000N\000\040\000O\000F\000\040\000T\000H\000E\000\040\000S\000T\000A\000N\000D\000A\000R\000D\000\040\000M\000O\000D\000E\000L}{}% 18
\BOOKMARK [1][]{section.2.1}{\376\377\000N\000e\000u\000t\000r\000i\000n\000o\000\040\000M\000a\000s\000s\000e\000s\000\040\000i\000n\000\040\000M\000S\000S\000M}{chapter.2}% 19
\BOOKMARK [2][]{subsection.2.1.1}{\376\377\000D\000i\000r\000a\000c\000\040\000M\000a\000s\000s\000\040\000T\000e\000r\000m}{section.2.1}% 20
\BOOKMARK [2][]{subsection.2.1.2}{\376\377\000S\000e\000e\000s\000a\000w\000\040\000M\000e\000c\000h\000a\000n\000i\000s\000m\000s}{section.2.1}% 21
\BOOKMARK [1][]{section.2.2}{\376\377\000B\000L\000S\000S\000M\000\040\000M\000o\000d\000e\000l}{chapter.2}% 22
\BOOKMARK [2][]{subsection.2.2.1}{\376\377\000B\000L\000S\000S\000M\000\040\000S\000t\000r\000u\000c\000t\000u\000r\000e}{section.2.2}% 23
\BOOKMARK [2][]{subsection.2.2.2}{\376\377\000G\000a\000u\000g\000e\000\040\000K\000i\000n\000e\000t\000i\000c\000\040\000M\000i\000x\000i\000n\000g\000\040\000i\000n\000\040\000B\000L\000S\000S\000M}{section.2.2}% 24
\BOOKMARK [2][]{subsection.2.2.3}{\376\377\000B\000-\000L\000\040\000s\000y\000m\000m\000e\000t\000r\000y\000\040\000b\000r\000e\000a\000k\000i\000n\000g}{section.2.2}% 25
\BOOKMARK [2][]{subsection.2.2.4}{\376\377\000B\000L\000S\000S\000M\000\040\000S\000p\000e\000c\000t\000r\000u\000m}{section.2.2}% 26
\BOOKMARK [2][]{subsection.2.2.5}{\376\377\000B\000L\000S\000S\000M\000\040\000H\000i\000g\000g\000s\000\040\000S\000e\000c\000t\000o\000r}{section.2.2}% 27
\BOOKMARK [2][]{subsection.2.2.6}{\376\377\000B\000L\000S\000S\000M\000\040\000G\000a\000u\000g\000e\000\040\000S\000e\000c\000t\000o\000r}{section.2.2}% 28
\BOOKMARK [0][]{chapter.3}{\376\377\000P\000H\000E\000N\000O\000M\000E\000N\000O\000L\000O\000G\000Y\000\040\000O\000F\000\040\000B\000L\000S\000S\000M}{}% 29
\BOOKMARK [1][]{section.3.1}{\376\377\000I\000n\000t\000r\000o\000d\000u\000c\000t\000i\000o\000n}{chapter.3}% 30
\BOOKMARK [1][]{section.3.2}{\376\377\000T\000h\000e\000\040\000B\000L\000S\000S\000M\000\040\000B\000P\000s\000\040\000a\000n\000d\000\040\000S\000p\000e\000c\000t\000r\000u\000m}{chapter.3}% 31
\BOOKMARK [1][]{section.3.3}{\376\377\000S\000e\000a\000r\000c\000h\000\040\000f\000o\000r\000\040\000a\000\040\000h\000e\000a\000v\000y\000\040\000n\000e\000u\000t\000r\000a\000l\000\040\000C\000P\000-\000e\000v\000e\000n\000\040\000H\000i\000g\000g\000s\000\040\000b\000o\000s\000o\000n\000\040\000a\000t\000\040\000t\000h\000e\000\040\000L\000H\000C}{chapter.3}% 32
\BOOKMARK [2][]{subsection.3.3.1}{\376\377\000T\000h\000e\000\040\000h\000'\000W\000+\000W\000-\0002\000+\000E\000/\0004\040\024\0000\000-\0000\0000\000-\000t\000o\0004\000\040\000t\000o\000t\000o\0004\000E\000/\0004\040\024\0000\000-\0000\0000\000-\000t\000o\0004\000\040\000t\000o\000t\000o\0004\000E\000/\0004\040\024\0000\000-\0000\0000\000-\000t\000o\0004\000\040\000t\000o\000t\000o\0004\000E\000/\0004\040\024\0000\000-\0000\0000\000-\000t\000o\0004\000\040\000t\000o\000t\000o\0004\000T\000\040\000C\000h\000a\000n\000n\000e\000l}{section.3.3}% 33
\BOOKMARK [2][]{subsection.3.3.2}{\376\377\000T\000h\000e\000\040\000h\000'\000Z\000Z\0004\000\040\000C\000h\000a\000n\000n\000e\000l}{section.3.3}% 34
\BOOKMARK [2][]{subsection.3.3.3}{\376\377\000T\000h\000e\000\040\000h\000'\000h\000h\000b\000\040\000C\000h\000a\000n\000n\000e\000l}{section.3.3}% 35
\BOOKMARK [2][]{subsection.3.3.4}{\376\377\000H\000i\000s\000t\000o\000r\000i\000c\000a\000l\000\040\000S\000i\000g\000n\000i\000f\000i\000c\000a\000n\000c\000e}{section.3.3}% 36
\BOOKMARK [2][]{subsection.3.3.5}{\376\377\000M\000L\000\040\000A\000n\000a\000l\000y\000s\000i\000s}{section.3.3}% 37
\BOOKMARK [1][]{section.3.4}{\376\377\000C\000o\000n\000c\000l\000u\000s\000i\000o\000n}{chapter.3}% 38
\BOOKMARK [0][]{chapter.4}{\376\377\000L\000E\000F\000T\000\040\000R\000I\000G\000H\000T\000\040\000I\000N\000V\000E\000R\000S\000E\000\040\000S\000E\000E\000S\000E\000W}{}% 39
\BOOKMARK [1][]{section.4.1}{\376\377\000I\000n\000t\000r\000o\000d\000u\000c\000t\000i\000o\000n}{chapter.4}% 40
\BOOKMARK [1][]{section.4.2}{\376\377\000S\000u\000p\000e\000r\000s\000y\000m\000m\000e\000t\000r\000i\000c\000\040\000L\000e\000f\000t\000-\000R\000i\000g\000h\000t\000\040\000M\000o\000d\000e\000l}{chapter.4}% 41
\BOOKMARK [1][]{section.4.3}{\376\377\000I\000n\000v\000e\000r\000s\000e\000\040\000S\000e\000e\000s\000a\000w\000\040\000M\000e\000c\000h\000a\000n\000i\000s\000m}{chapter.4}% 42
\BOOKMARK [1][]{section.4.4}{\376\377\000L\000e\000f\000t\000\040\000R\000i\000g\000h\000t\000\040\000M\000o\000d\000e\000l\000\040\000w\000i\000t\000h\000\040\000I\000n\000v\000e\000r\000s\000e\000\040\000S\000e\000e\000s\000a\000w}{chapter.4}% 43
\BOOKMARK [1][]{section.4.5}{\376\377\000S\000p\000o\000n\000t\000a\000n\000o\000u\000s\000\040\000S\000y\000m\000m\000e\000t\000r\000y\000\040\000B\000r\000e\000a\000k\000i\000n\000g\000\040\000i\000n\000\040\000L\000R\000I\000S}{chapter.4}% 44
\BOOKMARK [2][]{subsection.4.5.1}{\376\377\000G\000a\000u\000g\000e\000\040\000B\000o\000s\000o\000n\000\040\000M\000a\000s\000s\000e\000s}{section.4.5}% 45
\BOOKMARK [2][]{subsection.4.5.2}{\376\377\000F\000e\000r\000m\000i\000o\000n\000\040\000M\000a\000s\000s\000e\000s}{section.4.5}% 46
\BOOKMARK [1][]{section.4.6}{\376\377\000H\000i\000g\000g\000s\000\040\000S\000e\000c\000t\000o\000r\000\040\000i\000n\000\040\000L\000R\000I\000S}{chapter.4}% 47
\BOOKMARK [2][]{subsection.4.6.1}{\376\377\000S\000i\000n\000g\000l\000y\000\040\000C\000h\000a\000r\000g\000e\000d\000\040\000S\000c\000a\000l\000a\000r\000s}{section.4.6}% 48
\BOOKMARK [2][]{subsection.4.6.2}{\376\377\000N\000e\000u\000t\000r\000a\000l\000\040\000P\000s\000e\000u\000d\000o\000s\000c\000a\000l\000a\000r\000s}{section.4.6}% 49
\BOOKMARK [2][]{subsection.4.6.3}{\376\377\000N\000e\000u\000t\000r\000a\000l\000\040\000S\000c\000a\000l\000a\000r\000s}{section.4.6}% 50
\BOOKMARK [0][]{chapter.5}{\376\377\000P\000H\000E\000N\000O\000M\000E\000N\000O\000L\000O\000G\000Y\000\040\000O\000F\000\040\000L\000R\000I\000S}{}% 51
\BOOKMARK [1][]{section.5.1}{\376\377\000S\000e\000a\000r\000c\000h\000\040\000f\000o\000r\000\040\000a\000\040\000h\000e\000a\000v\000y\000\040\000n\000e\000u\000t\000r\000a\000l\000\040\000H\000i\000g\000g\000s\000\040\000b\000o\000s\000o\000n\000\040\000i\000n\000\040\000L\000R\000I\000S\000\040\000a\000t\000\040\000t\000h\000e\000\040\000L\000H\000C}{chapter.5}% 52
\BOOKMARK [2][]{subsection.5.1.1}{\376\377\000H\000e\000a\000v\000y\000\040\000N\000e\000u\000t\000r\000a\000l\000\040\000C\000P\000-\000E\000v\000e\000n\000\040\000H\000i\000g\000g\000s\000\040\000B\000o\000s\000o\000n\000\040\000i\000n\000\040\000L\000R\000I\000S}{section.5.1}% 53
\BOOKMARK [2][]{subsection.5.1.2}{\376\377\000S\000e\000a\000r\000c\000h\000\040\000f\000o\000r\000\040\000H\000e\000a\000v\000y\000\040\000H\000i\000g\000g\000s\000\040\000B\000o\000s\000o\000n\000s\000\040\000a\000t\000\040\000t\000h\000e\000\040\000L\000H\000C}{section.5.1}% 54
\BOOKMARK [2][]{subsection.5.1.3}{\376\377\000C\000o\000n\000c\000l\000u\000s\000i\000o\000n}{section.5.1}% 55
\BOOKMARK [1][]{section.5.2}{\376\377\000M\000u\000o\000n\000\040\000g\000-\0002\000\040\000a\000n\000o\000m\000a\000l\000y\000\040\000i\000n\000\040\000L\000R\000I\000S}{chapter.5}% 56
\BOOKMARK [2][]{subsection.5.2.1}{\376\377\000L\000R\000I\000S\000\040\000C\000o\000u\000p\000l\000i\000n\000g\000s\000\040\000f\000o\000r\000\040\000a}{section.5.2}% 57
\BOOKMARK [2][]{subsection.5.2.2}{\376\377\000L\000R\000I\000S\000\040\000C\000o\000n\000t\000r\000i\000b\000u\000t\000i\000o\000n\000s\000\040\000t\000o\000\040\000a}{section.5.2}% 58
\BOOKMARK [2][]{subsection.5.2.3}{\376\377\000L\000F\000V\000\040\000C\000o\000n\000s\000t\000r\000a\000i\000n\000t\000s\000\040\000o\000n\000\040\000a}{section.5.2}% 59
\BOOKMARK [2][]{subsection.5.2.4}{\376\377\000C\000o\000n\000c\000l\000u\000s\000i\000o\000n}{section.5.2}% 60
\BOOKMARK [0][]{chapter.6}{\376\377\000S\000E\000M\000I\000-\000V\000I\000S\000I\000B\000L\000E\000\040\000D\000A\000R\000K\000\040\000P\000H\000O\000T\000O\000N\000\040\000I\000N\000\040\000A\000\040\000M\000O\000D\000E\000L\000\040\000W\000I\000T\000H\000\040\000V\000E\000C\000T\000O\000R\000-\000L\000I\000K\000E\000\040\000L\000E\000P\000T\000O\000N\000S\000\040\000F\000O\000R\000\040\000T\000H\000E\000\040\000\050\000g\000-\0002\000\051\000e\000,\000\040\000a\000n\000d\000\040\000W\000-\000B\000O\000S\000O\000N\000\040\000M\000A\000S\000S\000\040\000A\000N\000O\000M\000A\000L\000I\000E\000S}{}% 61
\BOOKMARK [1][]{section.6.1}{\376\377\000T\000h\000e\000\040\000V\000L\000S\000M\000\040\000m\000o\000d\000e\000l}{chapter.6}% 62
\BOOKMARK [2][]{subsection.6.1.1}{\376\377\000G\000a\000u\000g\000e\000\040\000b\000o\000s\000o\000n\000\040\000s\000e\000c\000t\000o\000r}{section.6.1}% 63
\BOOKMARK [2][]{subsection.6.1.2}{\376\377\000F\000e\000r\000m\000i\000o\000n\000\040\000s\000e\000c\000t\000o\000r}{section.6.1}% 64
\BOOKMARK [2][]{subsection.6.1.3}{\376\377\000F\000e\000r\000m\000i\000o\000n\000\040\000i\000n\000t\000e\000r\000a\000c\000t\000i\000o\000n\000s}{section.6.1}% 65
\BOOKMARK [1][]{section.6.2}{\376\377\000A\000n\000o\000m\000a\000l\000o\000u\000s\000\040\000m\000a\000g\000n\000e\000t\000i\000c\000\040\000m\000o\000m\000e\000n\000t\000s\000\040\000a\000n\000d\000\040\000W\000-\000b\000o\000s\000o\000n\000\040\000m\000a\000s\000s}{chapter.6}% 66
\BOOKMARK [2][]{subsection.6.2.1}{\376\377\000A\000n\000o\000m\000a\000l\000o\000u\000s\000\040\000m\000a\000g\000n\000e\000t\000i\000c\000\040\000m\000o\000m\000e\000n\000t\000s}{section.6.2}% 67
\BOOKMARK [2][]{subsection.6.2.2}{\376\377\000W\000-\000b\000o\000s\000o\000n\000\040\000m\000a\000s\000s}{section.6.2}% 68
\BOOKMARK [1][]{section.6.3}{\376\377\000S\000i\000g\000n\000a\000l\000s\000\040\000o\000f\000\040\000l\000i\000g\000h\000t\000\040\000p\000a\000r\000t\000i\000c\000l\000e\000s}{chapter.6}% 69
\BOOKMARK [2][]{subsection.6.3.1}{\376\377\000S\000e\000m\000i\000-\000v\000i\000s\000i\000b\000l\000e\000\040\000d\000a\000r\000k\000\040\000p\000h\000o\000t\000o\000n}{section.6.3}% 70
\BOOKMARK [2][]{subsection.6.3.2}{\376\377\000T\000h\000e\000\040\000l\000i\000g\000h\000t\000\040\000v\000e\000c\000t\000o\000r\000-\000l\000i\000k\000e\000\040\000n\000e\000u\000t\000r\000i\000n\000o\000\040\000a\000n\000d\000\040\000U\000\050\0001\000\051\000'\000\040\000s\000c\000a\000l\000a\000r}{section.6.3}% 71
\BOOKMARK [2][]{subsection.6.3.3}{\376\377\000V\000e\000c\000t\000o\000r\000-\000l\000i\000k\000e\000\040\000l\000e\000p\000t\000o\000n\000\040\000s\000e\000a\000r\000c\000h\000\040\000a\000t\000\040\000t\000h\000e\000\040\000L\000H\000C}{section.6.3}% 72
\BOOKMARK [1][]{section.6.4}{\376\377\000C\000o\000n\000c\000l\000u\000s\000i\000o\000n\000s}{chapter.6}% 73
\BOOKMARK [0][]{chapter.7}{\376\377\000C\000o\000n\000c\000l\000u\000s\000i\000o\000n}{}% 74
\BOOKMARK [0][]{appendix.A}{\376\377\000L\000R\000I\000S\000\040\000A\000p\000p\000e\000n\000d\000i\000x}{}% 75
\BOOKMARK [1][]{subsection.A.0.1}{\376\377\000T\000a\000d\000p\000o\000l\000e\000\040\000E\000q\000u\000a\000t\000i\000o\000n\000s\000\040\000a\000n\000d\000\040\000P\000o\000t\000e\000n\000t\000i\000a\000l\000\040\000M\000i\000n\000i\000m\000i\000z\000a\000t\000i\000o\000n}{appendix.A}% 76
\BOOKMARK [2][]{subsection.A.0.2}{\376\377\000C\000o\000p\000o\000s\000i\000t\000i\000v\000i\000t\000y\000\040\000C\000o\000n\000d\000i\000t\000i\000o\000n\000s\000\040\000o\000f\000\040\000t\000h\000e\000\040\000H\000i\000g\000g\000s\000\040\000P\000o\000t\000e\000n\000t\000i\000a\000l}{subsection.A.0.1}% 77
\BOOKMARK [2][]{subsection.A.0.3}{\376\377\000N\000e\000u\000t\000r\000a\000l\000\040\000C\000P\000-\000e\000v\000e\000n\000\040\000H\000i\000g\000g\000s\000\040\000R\000o\000t\000a\000t\000i\000o\000n\000s\000\040\000a\000n\000d\000\040\000D\000e\000t\000e\000r\000m\000i\000n\000a\000n\000t}{subsection.A.0.1}% 78
\BOOKMARK [0][]{appendix.B}{\376\377\000T\000h\000e\000\040\000m\000u\000o\000n\000\040\000a\000n\000o\000m\000a\000l\000o\000u\000s\000\040\000m\000a\000g\000n\000e\000t\000i\000c\000\040\000m\000o\000m\000e\000n\000t\000\040\000a\000\040\000i\000n\000\040\000Q\000E\000D\000\040\000a\000n\000d\000\040\000t\000h\000e\000\040\000E\000W\000\040\000T\000h\000e\000o\000r\000y}{}% 79
\BOOKMARK [1][]{section.B.1}{\376\377\000A\000l\000g\000e\000b\000r\000a\000\040\000a\000n\000d\000\040\000U\000s\000e\000f\000u\000l\000\040\000R\000e\000l\000a\000t\000i\000o\000n\000s}{appendix.B}% 80
\BOOKMARK [1][]{section.B.2}{\376\377\000T\000h\000e\000o\000r\000y\000\040\000o\000f\000\040\000M\000a\000g\000n\000e\000t\000i\000c\000\040\000M\000o\000m\000e\000n\000t}{appendix.B}% 81
\BOOKMARK [1][]{section.B.3}{\376\377\000a\000\040\000i\000n\000\040\000Q\000E\000D}{appendix.B}% 82
\BOOKMARK [1][]{section.B.4}{\376\377\000a\000\040\000i\000n\000\040\000E\000W\000\040\000T\000h\000e\000o\000r\000y}{appendix.B}% 83
\BOOKMARK [2][]{subsection.B.4.1}{\376\377\000W\040\023\000l\000o\000o\000p}{section.B.4}% 84
\BOOKMARK [2][]{subsection.B.4.2}{\376\377\000Z\000-\000l\000o\000o\000p}{section.B.4}% 85
\BOOKMARK [2][]{subsection.B.4.3}{\376\377\000H\000i\000g\000g\000s\000\040\000l\000o\000o\000p}{section.B.4}% 86
\BOOKMARK [0][]{appendix.C}{\376\377\000V\000L\000S\000M\000\040\000A\000p\000p\000e\000n\000d\000i\000x}{}% 87
\BOOKMARK [1][]{section.C.1}{\376\377\000D\000e\000t\000a\000i\000l\000s\000\040\000o\000f\000\040\000t\000h\000e\000\040\000m\000o\000d\000e\000l}{appendix.C}% 88
\BOOKMARK [2][]{subsection.C.1.1}{\376\377\000D\000i\000a\000g\000o\000n\000a\000l\000i\000z\000a\000t\000i\000o\000n\000\040\000o\000f\000\040\000v\000e\000c\000t\000o\000r\000\040\000b\000o\000s\000o\000n\000\040\000m\000a\000s\000s\000\040\000m\000a\000t\000r\000i\000x}{section.C.1}% 89
\BOOKMARK [2][]{subsection.C.1.2}{\376\377\000D\000i\000a\000g\000o\000n\000a\000l\000i\000z\000a\000t\000i\000o\000n\000\040\000o\000f\000\040\000t\000h\000e\000\040\000f\000e\000r\000m\000i\000o\000n\000\040\000m\000a\000s\000s\000\040\000m\000a\000t\000r\000i\000c\000e\000s}{section.C.1}% 90
\BOOKMARK [2][]{subsection.C.1.3}{\376\377\000L\000e\000p\000t\000o\000n\000\040\000c\000o\000u\000p\000l\000i\000n\000g\000s}{section.C.1}% 91
\BOOKMARK [1][]{section.C.2}{\376\377\000L\000o\000o\000p\000\040\000f\000u\000n\000c\000t\000i\000o\000n\000s}{appendix.C}% 92
\BOOKMARK [0][]{equation.C.2.8}{\376\377\000B\000i\000b\000l\000i\000o\000g\000r\000a\000p\000h\000y}{}% 93
